<?xml version="1.0" encoding="UTF-8"?>
<testng-results ignored="0" total="1" passed="1" failed="0" skipped="0">
  <reporter-output>
  </reporter-output>
  <suite started-at="2026-02-16T16:31:02 IST" name="OnlineSuite" finished-at="2026-02-16T16:31:48 IST" duration-ms="45949">
    <groups>
    </groups>
    <test started-at="2026-02-16T16:31:02 IST" name="OnlineTests" finished-at="2026-02-16T16:31:48 IST" duration-ms="45949">
      <class name="tests.OnlineTest">
        <test-method is-config="true" signature="setup()[pri:0, instance:tests.OnlineTest@1677d1]" started-at="2026-02-16T16:31:02 IST" name="setup" finished-at="2026-02-16T16:31:07 IST" duration-ms="5005" status="PASS">
          <reporter-output>
          </reporter-output>
        </test-method> <!-- setup -->
        <test-method signature="onlineJourney()[pri:0, instance:tests.OnlineTest@1677d1]" started-at="2026-02-16T16:31:07 IST" name="onlineJourney" finished-at="2026-02-16T16:31:48 IST" duration-ms="40910" status="PASS">
          <reporter-output>
          </reporter-output>
        </test-method> <!-- onlineJourney -->
      </class> <!-- tests.OnlineTest -->
    </test> <!-- OnlineTests -->
  </suite> <!-- OnlineSuite -->
</testng-results>
