<?xml version="1.0" encoding="UTF-8"?>
<testsuite xmlns:xsi="http://www.w3.org/2001/XMLSchema-instance" xsi:noNamespaceSchemaLocation="https://maven.apache.org/surefire/maven-surefire-plugin/xsd/surefire-test-report-3.0.xsd" version="3.0" name="TestSuite" time="46.396" tests="1" errors="0" skipped="0" failures="0">
  <properties>
[...]
</properties>
  <testcase name="onlineJourney" classname="tests.OnlineTest" time="40.91">
    <system-out><![CDATA[Loaded config from classpath: config.properties
Configured browser (raw): chrome
Configured implicit.wait: 10
Using env 'staging' -> https://stg-dad-website.indifi.com
Final test configuration:
  env: staging
  baseUrl: https://stg-dad-website.indifi.com
  browser: chrome
  implicit.wait (s): 10
Entered Turnover
Entered Name
Entered Phone
Entered Email
clicked ApplyNow Button
Entered OTP
Entered OTP Verfied
Entered Pan
Entered submit
Entered Dob
Entered gender
Entered postalcode
Promoter Page submitted
Ancestor form not found; scanning whole page for fields.
Field 'unnamed' (input) is empty.
Field 'unnamed' (input) is empty.
Field 'unnamed' (input) is empty.
Field 'unnamed' (input) is empty.
Field 'borrower_numberPostalCode' (input) is prefilled with: 673661
Field 'unnamed' (input) is empty.
Field 'online_platform_url' (input) is empty.
Field 'unnamed' (input) is empty.
Empty fields found: [online_platform_url, unnamed]
Business Page submitted
Offer Page submitted
Enter Address2
Enter Address3
Enter Address ownertype
Residence Address page submit
Business Address page submit
Photograph uploaded successfully
]]></system-out>
    <system-err><![CDATA[SLF4J(W): No SLF4J providers were found.
SLF4J(W): Defaulting to no-operation (NOP) logger implementation
SLF4J(W): See https://www.slf4j.org/codes.html#noProviders for further details.
Feb 16, 2026 4:31:05 PM org.openqa.selenium.devtools.CdpVersionFinder findNearestMatch
WARNING: Unable to find an exact match for CDP version 144, returning the closest version; found: 140; Please update to a Selenium version that supports CDP version 144
online_platform_url
unnamed
]]></system-err>
  </testcase>
</testsuite>