<?xml version="1.0" encoding="UTF-8"?>
<testsuite xmlns:xsi="http://www.w3.org/2001/XMLSchema-instance" xsi:noNamespaceSchemaLocation="https://maven.apache.org/surefire/maven-surefire-plugin/xsd/surefire-test-report-3.0.xsd" version="3.0" name="tests.LoginTest" time="14.683" tests="1" errors="0" skipped="0" failures="1">
  <properties>
    <property name="java.specification.version" value="25"/>
    <property name="sun.jnu.encoding" value="UTF-8"/>
    <property name="java.class.path" value="/Users/rahulrouth/Projects/automation_web_app/target/test-classes:/Users/rahulrouth/Projects/automation_web_app/target/classes:/Users/rahulrouth/.m2/repository/org/seleniumhq/selenium/selenium-java/4.36.0/selenium-java-4.36.0.jar:/Users/rahulrouth/.m2/repository/org/seleniumhq/selenium/selenium-api/4.36.0/selenium-api-4.36.0.jar:/Users/rahulrouth/.m2/repository/org/jspecify/jspecify/1.0.0/jspecify-1.0.0.jar:/Users/rahulrouth/.m2/repository/org/seleniumhq/selenium/selenium-chrome-driver/4.36.0/selenium-chrome-driver-4.36.0.jar:/Users/rahulrouth/.m2/repository/com/google/auto/service/auto-service-annotations/1.1.1/auto-service-annotations-1.1.1.jar:/Users/rahulrouth/.m2/repository/org/seleniumhq/selenium/selenium-chromium-driver/4.36.0/selenium-chromium-driver-4.36.0.jar:/Users/rahulrouth/.m2/repository/org/seleniumhq/selenium/selenium-json/4.36.0/selenium-json-4.36.0.jar:/Users/rahulrouth/.m2/repository/org/seleniumhq/selenium/selenium-manager/4.36.0/selenium-manager-4.36.0.jar:/Users/rahulrouth/.m2/repository/org/seleniumhq/selenium/selenium-devtools-v138/4.36.0/selenium-devtools-v138-4.36.0.jar:/Users/rahulrouth/.m2/repository/org/seleniumhq/selenium/selenium-devtools-v139/4.36.0/selenium-devtools-v139-4.36.0.jar:/Users/rahulrouth/.m2/repository/org/seleniumhq/selenium/selenium-devtools-v140/4.36.0/selenium-devtools-v140-4.36.0.jar:/Users/rahulrouth/.m2/repository/org/seleniumhq/selenium/selenium-edge-driver/4.36.0/selenium-edge-driver-4.36.0.jar:/Users/rahulrouth/.m2/repository/org/seleniumhq/selenium/selenium-firefox-driver/4.36.0/selenium-firefox-driver-4.36.0.jar:/Users/rahulrouth/.m2/repository/org/seleniumhq/selenium/selenium-http/4.36.0/selenium-http-4.36.0.jar:/Users/rahulrouth/.m2/repository/org/seleniumhq/selenium/selenium-ie-driver/4.36.0/selenium-ie-driver-4.36.0.jar:/Users/rahulrouth/.m2/repository/org/seleniumhq/selenium/selenium-remote-driver/4.36.0/selenium-remote-driver-4.36.0.jar:/Users/rahulrouth/.m2/repository/com/google/guava/guava/33.5.0-jre/guava-33.5.0-jre.jar:/Users/rahulrouth/.m2/repository/com/google/guava/failureaccess/1.0.3/failureaccess-1.0.3.jar:/Users/rahulrouth/.m2/repository/com/google/guava/listenablefuture/9999.0-empty-to-avoid-conflict-with-guava/listenablefuture-9999.0-empty-to-avoid-conflict-with-guava.jar:/Users/rahulrouth/.m2/repository/com/google/errorprone/error_prone_annotations/2.41.0/error_prone_annotations-2.41.0.jar:/Users/rahulrouth/.m2/repository/com/google/j2objc/j2objc-annotations/3.1/j2objc-annotations-3.1.jar:/Users/rahulrouth/.m2/repository/io/opentelemetry/opentelemetry-api/1.54.0/opentelemetry-api-1.54.0.jar:/Users/rahulrouth/.m2/repository/io/opentelemetry/opentelemetry-context/1.54.0/opentelemetry-context-1.54.0.jar:/Users/rahulrouth/.m2/repository/io/opentelemetry/opentelemetry-common/1.54.0/opentelemetry-common-1.54.0.jar:/Users/rahulrouth/.m2/repository/io/opentelemetry/opentelemetry-exporter-logging/1.54.0/opentelemetry-exporter-logging-1.54.0.jar:/Users/rahulrouth/.m2/repository/io/opentelemetry/opentelemetry-sdk-common/1.54.0/opentelemetry-sdk-common-1.54.0.jar:/Users/rahulrouth/.m2/repository/io/opentelemetry/opentelemetry-sdk-extension-autoconfigure-spi/1.54.0/opentelemetry-sdk-extension-autoconfigure-spi-1.54.0.jar:/Users/rahulrouth/.m2/repository/io/opentelemetry/opentelemetry-sdk-extension-autoconfigure/1.54.0/opentelemetry-sdk-extension-autoconfigure-1.54.0.jar:/Users/rahulrouth/.m2/repository/io/opentelemetry/opentelemetry-sdk-trace/1.54.0/opentelemetry-sdk-trace-1.54.0.jar:/Users/rahulrouth/.m2/repository/io/opentelemetry/opentelemetry-sdk/1.54.0/opentelemetry-sdk-1.54.0.jar:/Users/rahulrouth/.m2/repository/io/opentelemetry/opentelemetry-sdk-metrics/1.54.0/opentelemetry-sdk-metrics-1.54.0.jar:/Users/rahulrouth/.m2/repository/io/opentelemetry/opentelemetry-sdk-logs/1.54.0/opentelemetry-sdk-logs-1.54.0.jar:/Users/rahulrouth/.m2/repository/net/bytebuddy/byte-buddy/1.17.7/byte-buddy-1.17.7.jar:/Users/rahulrouth/.m2/repository/org/seleniumhq/selenium/selenium-os/4.36.0/selenium-os-4.36.0.jar:/Users/rahulrouth/.m2/repository/org/apache/commons/commons-exec/1.5.0/commons-exec-1.5.0.jar:/Users/rahulrouth/.m2/repository/org/seleniumhq/selenium/selenium-safari-driver/4.36.0/selenium-safari-driver-4.36.0.jar:/Users/rahulrouth/.m2/repository/org/seleniumhq/selenium/selenium-support/4.36.0/selenium-support-4.36.0.jar:/Users/rahulrouth/.m2/repository/org/testng/testng/7.11.0/testng-7.11.0.jar:/Users/rahulrouth/.m2/repository/org/slf4j/slf4j-api/2.0.16/slf4j-api-2.0.16.jar:/Users/rahulrouth/.m2/repository/org/jcommander/jcommander/1.83/jcommander-1.83.jar:/Users/rahulrouth/.m2/repository/org/webjars/jquery/3.7.1/jquery-3.7.1.jar:/Users/rahulrouth/.m2/repository/junit/junit/3.8.1/junit-3.8.1.jar:/Users/rahulrouth/.m2/repository/commons-io/commons-io/2.11.0/commons-io-2.11.0.jar:"/>
    <property name="java.vm.vendor" value="Oracle Corporation"/>
    <property name="sun.arch.data.model" value="64"/>
    <property name="java.vendor.url" value="https://java.oracle.com/"/>
    <property name="user.timezone" value="Asia/Kolkata"/>
    <property name="os.name" value="Mac OS X"/>
    <property name="java.vm.specification.version" value="25"/>
    <property name="sun.java.launcher" value="SUN_STANDARD"/>
    <property name="user.country" value="IN"/>
    <property name="sun.boot.library.path" value="/Library/Java/JavaVirtualMachines/jdk-25.jdk/Contents/Home/lib"/>
    <property name="sun.java.command" value="/Users/rahulrouth/Projects/automation_web_app/target/surefire/surefirebooter-20260215181606928_3.jar /Users/rahulrouth/Projects/automation_web_app/target/surefire 2026-02-15T18-16-06_892-jvmRun1 surefire-20260215181606928_1tmp surefire_0-20260215181606928_2tmp"/>
    <property name="http.nonProxyHosts" value="local|*.local|169.254/16|*.169.254/16"/>
    <property name="jdk.debug" value="release"/>
    <property name="test" value="tests.LoginTest#verifyValidLogin"/>
    <property name="surefire.test.class.path" value="/Users/rahulrouth/Projects/automation_web_app/target/test-classes:/Users/rahulrouth/Projects/automation_web_app/target/classes:/Users/rahulrouth/.m2/repository/org/seleniumhq/selenium/selenium-java/4.36.0/selenium-java-4.36.0.jar:/Users/rahulrouth/.m2/repository/org/seleniumhq/selenium/selenium-api/4.36.0/selenium-api-4.36.0.jar:/Users/rahulrouth/.m2/repository/org/jspecify/jspecify/1.0.0/jspecify-1.0.0.jar:/Users/rahulrouth/.m2/repository/org/seleniumhq/selenium/selenium-chrome-driver/4.36.0/selenium-chrome-driver-4.36.0.jar:/Users/rahulrouth/.m2/repository/com/google/auto/service/auto-service-annotations/1.1.1/auto-service-annotations-1.1.1.jar:/Users/rahulrouth/.m2/repository/org/seleniumhq/selenium/selenium-chromium-driver/4.36.0/selenium-chromium-driver-4.36.0.jar:/Users/rahulrouth/.m2/repository/org/seleniumhq/selenium/selenium-json/4.36.0/selenium-json-4.36.0.jar:/Users/rahulrouth/.m2/repository/org/seleniumhq/selenium/selenium-manager/4.36.0/selenium-manager-4.36.0.jar:/Users/rahulrouth/.m2/repository/org/seleniumhq/selenium/selenium-devtools-v138/4.36.0/selenium-devtools-v138-4.36.0.jar:/Users/rahulrouth/.m2/repository/org/seleniumhq/selenium/selenium-devtools-v139/4.36.0/selenium-devtools-v139-4.36.0.jar:/Users/rahulrouth/.m2/repository/org/seleniumhq/selenium/selenium-devtools-v140/4.36.0/selenium-devtools-v140-4.36.0.jar:/Users/rahulrouth/.m2/repository/org/seleniumhq/selenium/selenium-edge-driver/4.36.0/selenium-edge-driver-4.36.0.jar:/Users/rahulrouth/.m2/repository/org/seleniumhq/selenium/selenium-firefox-driver/4.36.0/selenium-firefox-driver-4.36.0.jar:/Users/rahulrouth/.m2/repository/org/seleniumhq/selenium/selenium-http/4.36.0/selenium-http-4.36.0.jar:/Users/rahulrouth/.m2/repository/org/seleniumhq/selenium/selenium-ie-driver/4.36.0/selenium-ie-driver-4.36.0.jar:/Users/rahulrouth/.m2/repository/org/seleniumhq/selenium/selenium-remote-driver/4.36.0/selenium-remote-driver-4.36.0.jar:/Users/rahulrouth/.m2/repository/com/google/guava/guava/33.5.0-jre/guava-33.5.0-jre.jar:/Users/rahulrouth/.m2/repository/com/google/guava/failureaccess/1.0.3/failureaccess-1.0.3.jar:/Users/rahulrouth/.m2/repository/com/google/guava/listenablefuture/9999.0-empty-to-avoid-conflict-with-guava/listenablefuture-9999.0-empty-to-avoid-conflict-with-guava.jar:/Users/rahulrouth/.m2/repository/com/google/errorprone/error_prone_annotations/2.41.0/error_prone_annotations-2.41.0.jar:/Users/rahulrouth/.m2/repository/com/google/j2objc/j2objc-annotations/3.1/j2objc-annotations-3.1.jar:/Users/rahulrouth/.m2/repository/io/opentelemetry/opentelemetry-api/1.54.0/opentelemetry-api-1.54.0.jar:/Users/rahulrouth/.m2/repository/io/opentelemetry/opentelemetry-context/1.54.0/opentelemetry-context-1.54.0.jar:/Users/rahulrouth/.m2/repository/io/opentelemetry/opentelemetry-common/1.54.0/opentelemetry-common-1.54.0.jar:/Users/rahulrouth/.m2/repository/io/opentelemetry/opentelemetry-exporter-logging/1.54.0/opentelemetry-exporter-logging-1.54.0.jar:/Users/rahulrouth/.m2/repository/io/opentelemetry/opentelemetry-sdk-common/1.54.0/opentelemetry-sdk-common-1.54.0.jar:/Users/rahulrouth/.m2/repository/io/opentelemetry/opentelemetry-sdk-extension-autoconfigure-spi/1.54.0/opentelemetry-sdk-extension-autoconfigure-spi-1.54.0.jar:/Users/rahulrouth/.m2/repository/io/opentelemetry/opentelemetry-sdk-extension-autoconfigure/1.54.0/opentelemetry-sdk-extension-autoconfigure-1.54.0.jar:/Users/rahulrouth/.m2/repository/io/opentelemetry/opentelemetry-sdk-trace/1.54.0/opentelemetry-sdk-trace-1.54.0.jar:/Users/rahulrouth/.m2/repository/io/opentelemetry/opentelemetry-sdk/1.54.0/opentelemetry-sdk-1.54.0.jar:/Users/rahulrouth/.m2/repository/io/opentelemetry/opentelemetry-sdk-metrics/1.54.0/opentelemetry-sdk-metrics-1.54.0.jar:/Users/rahulrouth/.m2/repository/io/opentelemetry/opentelemetry-sdk-logs/1.54.0/opentelemetry-sdk-logs-1.54.0.jar:/Users/rahulrouth/.m2/repository/net/bytebuddy/byte-buddy/1.17.7/byte-buddy-1.17.7.jar:/Users/rahulrouth/.m2/repository/org/seleniumhq/selenium/selenium-os/4.36.0/selenium-os-4.36.0.jar:/Users/rahulrouth/.m2/repository/org/apache/commons/commons-exec/1.5.0/commons-exec-1.5.0.jar:/Users/rahulrouth/.m2/repository/org/seleniumhq/selenium/selenium-safari-driver/4.36.0/selenium-safari-driver-4.36.0.jar:/Users/rahulrouth/.m2/repository/org/seleniumhq/selenium/selenium-support/4.36.0/selenium-support-4.36.0.jar:/Users/rahulrouth/.m2/repository/org/testng/testng/7.11.0/testng-7.11.0.jar:/Users/rahulrouth/.m2/repository/org/slf4j/slf4j-api/2.0.16/slf4j-api-2.0.16.jar:/Users/rahulrouth/.m2/repository/org/jcommander/jcommander/1.83/jcommander-1.83.jar:/Users/rahulrouth/.m2/repository/org/webjars/jquery/3.7.1/jquery-3.7.1.jar:/Users/rahulrouth/.m2/repository/junit/junit/3.8.1/junit-3.8.1.jar:/Users/rahulrouth/.m2/repository/commons-io/commons-io/2.11.0/commons-io-2.11.0.jar:"/>
    <property name="sun.cpu.endian" value="little"/>
    <property name="user.home" value="/Users/rahulrouth"/>
    <property name="user.language" value="en"/>
    <property name="java.specification.vendor" value="Oracle Corporation"/>
    <property name="java.version.date" value="2025-09-16"/>
    <property name="java.home" value="/Library/Java/JavaVirtualMachines/jdk-25.jdk/Contents/Home"/>
    <property name="file.separator" value="/"/>
    <property name="basedir" value="/Users/rahulrouth/Projects/automation_web_app"/>
    <property name="java.vm.compressedOopsMode" value="Zero based"/>
    <property name="line.separator" value="&#10;"/>
    <property name="java.vm.specification.vendor" value="Oracle Corporation"/>
    <property name="java.specification.name" value="Java Platform API Specification"/>
    <property name="apple.awt.application.name" value="ForkedBooter"/>
    <property name="surefire.real.class.path" value="/Users/rahulrouth/Projects/automation_web_app/target/surefire/surefirebooter-20260215181606928_3.jar"/>
    <property name="sun.management.compiler" value="HotSpot 64-Bit Tiered Compilers"/>
    <property name="ftp.nonProxyHosts" value="local|*.local|169.254/16|*.169.254/16"/>
    <property name="java.runtime.version" value="25+37-LTS-3491"/>
    <property name="user.name" value="rahulrouth"/>
    <property name="stdout.encoding" value="UTF-8"/>
    <property name="path.separator" value=":"/>
    <property name="os.version" value="26.1"/>
    <property name="java.runtime.name" value="Java(TM) SE Runtime Environment"/>
    <property name="file.encoding" value="UTF-8"/>
    <property name="java.vm.name" value="Java HotSpot(TM) 64-Bit Server VM"/>
    <property name="localRepository" value="/Users/rahulrouth/.m2/repository"/>
    <property name="java.vendor.url.bug" value="https://bugreport.java.com/bugreport/"/>
    <property name="java.io.tmpdir" value="/var/folders/sx/ty_mgl6d1tg2r6wbj9fyjr9w0000gn/T/"/>
    <property name="java.version" value="25"/>
    <property name="user.dir" value="/Users/rahulrouth/Projects/automation_web_app"/>
    <property name="os.arch" value="aarch64"/>
    <property name="java.vm.specification.name" value="Java Virtual Machine Specification"/>
    <property name="native.encoding" value="UTF-8"/>
    <property name="java.library.path" value="/Users/rahulrouth/Library/Java/Extensions:/Library/Java/Extensions:/Network/Library/Java/Extensions:/System/Library/Java/Extensions:/usr/lib/java:."/>
    <property name="java.vm.info" value="mixed mode, sharing"/>
    <property name="stderr.encoding" value="UTF-8"/>
    <property name="java.vendor" value="Oracle Corporation"/>
    <property name="java.vm.version" value="25+37-LTS-3491"/>
    <property name="stdin.encoding" value="UTF-8"/>
    <property name="sun.io.unicode.encoding" value="UnicodeBig"/>
    <property name="config.file" value="/Users/rahulrouth/Projects/automation_web_app/src/test/resources/config.properties"/>
    <property name="socksNonProxyHosts" value="local|*.local|169.254/16|*.169.254/16"/>
    <property name="java.class.version" value="69.0"/>
  </properties>
  <testcase name="verifyValidLogin" classname="tests.LoginTest" time="10.012">
    <failure message="no such element: Unable to locate element: {&quot;method&quot;:&quot;css selector&quot;,&quot;selector&quot;:&quot;#username&quot;}&#10;  (Session info: chrome=144.0.7559.133)&#10;For documentation on this error, please visit: https://www.selenium.dev/documentation/webdriver/troubleshooting/errors#nosuchelementexception&#10;Build info: version: &apos;4.36.0&apos;, revision: &apos;6d115cfd87&apos;&#10;System info: os.name: &apos;Mac OS X&apos;, os.arch: &apos;aarch64&apos;, os.version: &apos;26.1&apos;, java.version: &apos;25&apos;&#10;Driver info: org.openqa.selenium.chrome.ChromeDriver&#10;Command: [d14596dc122ebe8309dc5e79cdbc1d9f, findElement {using=id, value=username}]&#10;Capabilities {acceptInsecureCerts: false, browserName: chrome, browserVersion: 144.0.7559.133, chrome: {chromedriverVersion: 144.0.7559.133 (7da823b1d59..., userDataDir: /var/folders/sx/ty_mgl6d1tg...}, fedcm:accounts: true, goog:chromeOptions: {debuggerAddress: localhost:62870}, goog:processID: 42047, networkConnectionEnabled: false, pageLoadStrategy: normal, platformName: mac, proxy: Proxy(), se:cdp: ws://localhost:62870/devtoo..., se:cdpVersion: 144.0.7559.133, setWindowRect: true, strictFileInteractability: false, timeouts: {implicit: 0, pageLoad: 300000, script: 30000}, unhandledPromptBehavior: dismiss and notify, webauthn:extension:credBlob: true, webauthn:extension:largeBlob: true, webauthn:extension:minPinLength: true, webauthn:extension:prf: true, webauthn:virtualAuthenticators: true}&#10;Session ID: d14596dc122ebe8309dc5e79cdbc1d9f" type="org.openqa.selenium.NoSuchElementException"><![CDATA[org.openqa.selenium.NoSuchElementException: 
no such element: Unable to locate element: {"method":"css selector","selector":"#username"}
  (Session info: chrome=144.0.7559.133)
For documentation on this error, please visit: https://www.selenium.dev/documentation/webdriver/troubleshooting/errors#nosuchelementexception
Build info: version: '4.36.0', revision: '6d115cfd87'
System info: os.name: 'Mac OS X', os.arch: 'aarch64', os.version: '26.1', java.version: '25'
Driver info: org.openqa.selenium.chrome.ChromeDriver
Command: [d14596dc122ebe8309dc5e79cdbc1d9f, findElement {using=id, value=username}]
Capabilities {acceptInsecureCerts: false, browserName: chrome, browserVersion: 144.0.7559.133, chrome: {chromedriverVersion: 144.0.7559.133 (7da823b1d59..., userDataDir: /var/folders/sx/ty_mgl6d1tg...}, fedcm:accounts: true, goog:chromeOptions: {debuggerAddress: localhost:62870}, goog:processID: 42047, networkConnectionEnabled: false, pageLoadStrategy: normal, platformName: mac, proxy: Proxy(), se:cdp: ws://localhost:62870/devtoo..., se:cdpVersion: 144.0.7559.133, setWindowRect: true, strictFileInteractability: false, timeouts: {implicit: 0, pageLoad: 300000, script: 30000}, unhandledPromptBehavior: dismiss and notify, webauthn:extension:credBlob: true, webauthn:extension:largeBlob: true, webauthn:extension:minPinLength: true, webauthn:extension:prf: true, webauthn:virtualAuthenticators: true}
Session ID: d14596dc122ebe8309dc5e79cdbc1d9f
	at java.base/jdk.internal.reflect.DirectConstructorHandleAccessor.newInstance(DirectConstructorHandleAccessor.java:62)
	at java.base/java.lang.reflect.Constructor.newInstanceWithCaller(Constructor.java:499)
	at java.base/java.lang.reflect.Constructor.newInstance(Constructor.java:483)
	at org.openqa.selenium.remote.ErrorCodec.decode(ErrorCodec.java:167)
	at org.openqa.selenium.remote.codec.w3c.W3CHttpResponseCodec.decode(W3CHttpResponseCodec.java:138)
	at org.openqa.selenium.remote.codec.w3c.W3CHttpResponseCodec.decode(W3CHttpResponseCodec.java:50)
	at org.openqa.selenium.remote.HttpCommandExecutor.execute(HttpCommandExecutor.java:215)
	at org.openqa.selenium.remote.service.DriverCommandExecutor.invokeExecute(DriverCommandExecutor.java:216)
	at org.openqa.selenium.remote.service.DriverCommandExecutor.execute(DriverCommandExecutor.java:174)
	at org.openqa.selenium.remote.RemoteWebDriver.execute(RemoteWebDriver.java:557)
	at org.openqa.selenium.remote.ElementLocation$ElementFinder$2.findElement(ElementLocation.java:165)
	at org.openqa.selenium.remote.ElementLocation.findElement(ElementLocation.java:66)
	at org.openqa.selenium.remote.RemoteWebDriver.findElement(RemoteWebDriver.java:380)
	at org.openqa.selenium.remote.RemoteWebDriver.findElement(RemoteWebDriver.java:374)
	at org.openqa.selenium.support.pagefactory.DefaultElementLocator.findElement(DefaultElementLocator.java:68)
	at org.openqa.selenium.support.pagefactory.internal.LocatingElementHandler.invoke(LocatingElementHandler.java:38)
	at jdk.proxy2/jdk.proxy2.$Proxy9.clear(Unknown Source)
	at pages.LoginPage.enterUserName(LoginPage.java:30)
	at pages.LoginPage.login(LoginPage.java:48)
	at tests.LoginTest.verifyValidLogin(LoginTest.java:26)
	at java.base/jdk.internal.reflect.DirectMethodHandleAccessor.invoke(DirectMethodHandleAccessor.java:104)
	at java.base/java.lang.reflect.Method.invoke(Method.java:565)
	at org.testng.internal.invokers.MethodInvocationHelper.invokeMethod(MethodInvocationHelper.java:141)
	at org.testng.internal.invokers.TestInvoker.invokeMethod(TestInvoker.java:687)
	at org.testng.internal.invokers.TestInvoker.invokeTestMethod(TestInvoker.java:230)
	at org.testng.internal.invokers.MethodRunner.runInSequence(MethodRunner.java:63)
	at org.testng.internal.invokers.TestInvoker$MethodInvocationAgent.invoke(TestInvoker.java:995)
	at org.testng.internal.invokers.TestInvoker.invokeTestMethods(TestInvoker.java:203)
	at org.testng.internal.invokers.TestMethodWorker.invokeTestMethods(TestMethodWorker.java:154)
	at org.testng.internal.invokers.TestMethodWorker.run(TestMethodWorker.java:134)
	at java.base/java.util.ArrayList.forEach(ArrayList.java:1604)
	at org.testng.TestRunner.privateRun(TestRunner.java:741)
	at org.testng.TestRunner.run(TestRunner.java:616)
	at org.testng.SuiteRunner.runTest(SuiteRunner.java:421)
	at org.testng.SuiteRunner.runSequentially(SuiteRunner.java:413)
	at org.testng.SuiteRunner.privateRun(SuiteRunner.java:373)
	at org.testng.SuiteRunner.run(SuiteRunner.java:312)
	at org.testng.SuiteRunnerWorker.runSuite(SuiteRunnerWorker.java:52)
	at org.testng.SuiteRunnerWorker.run(SuiteRunnerWorker.java:95)
	at org.testng.TestNG.runSuitesSequentially(TestNG.java:1274)
	at org.testng.TestNG.runSuitesLocally(TestNG.java:1208)
	at org.testng.TestNG.runSuites(TestNG.java:1112)
	at org.testng.TestNG.run(TestNG.java:1079)
	at org.apache.maven.surefire.testng.TestNGExecutor.run(TestNGExecutor.java:155)
	at org.apache.maven.surefire.testng.TestNGDirectoryTestSuite.executeSingleClass(TestNGDirectoryTestSuite.java:102)
	at org.apache.maven.surefire.testng.TestNGDirectoryTestSuite.execute(TestNGDirectoryTestSuite.java:91)
	at org.apache.maven.surefire.testng.TestNGProvider.invoke(TestNGProvider.java:137)
	at org.apache.maven.surefire.booter.ForkedBooter.runSuitesInProcess(ForkedBooter.java:385)
	at org.apache.maven.surefire.booter.ForkedBooter.execute(ForkedBooter.java:162)
	at org.apache.maven.surefire.booter.ForkedBooter.run(ForkedBooter.java:507)
	at org.apache.maven.surefire.booter.ForkedBooter.main(ForkedBooter.java:495)
]]></failure>
    <system-err><![CDATA[SLF4J(W): No SLF4J providers were found.
SLF4J(W): Defaulting to no-operation (NOP) logger implementation
SLF4J(W): See https://www.slf4j.org/codes.html#noProviders for further details.
Feb 15, 2026 6:16:08 PM org.openqa.selenium.devtools.CdpVersionFinder findNearestMatch
WARNING: Unable to find an exact match for CDP version 144, returning the closest version; found: 140; Please update to a Selenium version that supports CDP version 144
]]></system-err>
  </testcase>
</testsuite>